{
  "stats": {
    "suites": 1,
    "tests": 2,
    "passes": 2,
    "pending": 0,
    "failures": 0,
    "start": "2026-01-20T08:26:32.219Z",
    "end": "2026-01-20T08:26:48.981Z",
    "duration": 16762,
    "testsRegistered": 2,
    "passPercent": 100,
    "pendingPercent": 0,
    "other": 0,
    "hasOther": false,
    "skipped": 0,
    "hasSkipped": false
  },
  "results": [
    {
      "uuid": "348b7adc-957a-4fd6-add1-554633540697",
      "title": "",
      "fullFile": "cypress/e2e/smoke/login.smoke.cy.js",
      "file": "cypress/e2e/smoke/login.smoke.cy.js",
      "beforeHooks": [],
      "afterHooks": [],
      "tests": [],
      "suites": [
        {
          "uuid": "91b72d76-72d3-481a-a24d-bc725c3903e9",
          "title": "Login Tests",
          "fullFile": "",
          "file": "",
          "beforeHooks": [],
          "afterHooks": [],
          "tests": [
            {
              "title": "should login successfully",
              "fullTitle": "Login Tests should login successfully",
              "timedOut": null,
              "duration": 12646,
              "state": "passed",
              "speed": "slow",
              "pass": true,
              "fail": false,
              "pending": false,
              "context": null,
              "code": "_LoginPage.default.login(user.username, user.password);\n_HomePage.default.welcomeMessage().should('have.text', 'Welcome');",
              "err": {},
              "uuid": "75d6dadd-431b-4ca4-8070-46c165a5b928",
              "parentUUID": "91b72d76-72d3-481a-a24d-bc725c3903e9",
              "isHook": false,
              "skipped": false
            },
            {
              "title": "should fail login with invalid credentials",
              "fullTitle": "Login Tests should fail login with invalid credentials",
              "timedOut": null,
              "duration": 4006,
              "state": "passed",
              "speed": "fast",
              "pass": true,
              "fail": false,
              "pending": false,
              "context": null,
              "code": "_LoginPage.default.login('invalidUser', 'wrongPassword');\ncy.get('.error').should('contain', 'The username and password could not be verified.');",
              "err": {},
              "uuid": "31ede2d5-f3bc-45c4-9120-40e7aa7a340a",
              "parentUUID": "91b72d76-72d3-481a-a24d-bc725c3903e9",
              "isHook": false,
              "skipped": false
            }
          ],
          "suites": [],
          "passes": [
            "75d6dadd-431b-4ca4-8070-46c165a5b928",
            "31ede2d5-f3bc-45c4-9120-40e7aa7a340a"
          ],
          "failures": [],
          "pending": [],
          "skipped": [],
          "duration": 16652,
          "root": false,
          "rootEmpty": false,
          "_timeout": 2000
        }
      ],
      "passes": [],
      "failures": [],
      "pending": [],
      "skipped": [],
      "duration": 0,
      "root": true,
      "rootEmpty": true,
      "_timeout": 2000
    }
  ],
  "meta": {
    "mocha": {
      "version": "7.2.0"
    },
    "mochawesome": {
      "options": {
        "quiet": false,
        "reportFilename": "mochawesome",
        "saveHtml": false,
        "saveJson": true,
        "consoleReporter": "spec",
        "useInlineDiffs": false,
        "code": true
      },
      "version": "7.1.4"
    },
    "marge": {
      "options": {
        "reportDir": "cypress/reports",
        "overwrite": false,
        "html": false,
        "json": true
      },
      "version": "6.3.2"
    }
  }
}